app/build/outputs/mapping/debug/seeds.txt
neo.photogridart.common_lib.SeekBarHint
neo.photogridart.collagelib.CollageActivity
neo.photogridart.gallerylib.GalleryFragment
neo.photogridart.activities.MainActivity
neo.photogridart.activities.PrivacyPolicy
neo.photogridart.mycreation.ImageDisplayActivity
neo.photogridart.activities.MirrorNewActivity
neo.photogridart.gallerylib.GallerySquareImageView
neo.photogridart.activities.StartActivity
neo.photogridart.activities.SaveImageActivity
neo.photogridart.activities.CreateActivity
neo.photogridart.fragments.FullEffectFragment
neo.photogridart.AppOpenManager
neo.photogridart.utils.MyViewFlipper
neo.photogridart.AppOpenManager_LifecycleAdapter
neo.photogridart.fragments.EffectFragment
neo.photogridart.fragments.FontFragment
neo.photogridart.mycreation.MyCreationActivity
neo.photogridart.AppCheck
neo.photogridart.activities.SplashActivity
neo.photogridart.common_lib.Parameter: android.os.Parcelable$Creator CREATOR
neo.photogridart.mycreation.ImageModel: android.os.Parcelable$Creator CREATOR
neo.photogridart.canvastext.CanvasTextView: boolean getTextSelected()
neo.photogridart.canvastext.CustomRelativeLayout: void setApplyTextListener(neo.photogridart.canvastext.ApplyTextInterface)
neo.photogridart.activities.CreateActivity: CreateActivity()
neo.photogridart.gallerylib.GalleryFragment: GalleryFragment()
neo.photogridart.canvastext.CanvasTextView: void setSingleTapListener(neo.photogridart.canvastext.SingleTap)
neo.photogridart.collagelib.CollageActivity: CollageActivity()
neo.photogridart.stickers.StickerView: void setInEdit(boolean)
neo.photogridart.activities.SplashActivity: SplashActivity()
neo.photogridart.gallerylib.GallerySquareImageView: GallerySquareImageView(android.content.Context,android.util.AttributeSet)
neo.photogridart.mycreation.ImageDisplayActivity: void Instagram(android.view.View)
neo.photogridart.fragments.FontFragment: FontFragment()
neo.photogridart.fragments.FullEffectFragment: void myClickHandler(android.view.View)
neo.photogridart.canvastext.CanvasTextView: void setApplyInterface(neo.photogridart.canvastext.ApplyTextInterface)
neo.photogridart.canvastext.CustomRelativeLayout: void setSingleTapListener(neo.photogridart.canvastext.SingleTap)
neo.photogridart.canvastext.CanvasTextView: void setTextColor(int)
neo.photogridart.activities.MainActivity: MainActivity()
neo.photogridart.stickers.StickerView: int getStickerNo()
neo.photogridart.activities.PrivacyPolicy: PrivacyPolicy()
neo.photogridart.AppCheck: AppCheck()
neo.photogridart.activities.SaveImageActivity: void onClick(android.view.View)
neo.photogridart.stickers.StickerView: void setImageResource(int)
neo.photogridart.canvastext.CanvasTextView: void setTextSelected(boolean)
neo.photogridart.common_lib.SeekBarHint: void setThumb(android.graphics.drawable.Drawable)
neo.photogridart.collagelib.CollageActivity: void myClickHandler(android.view.View)
neo.photogridart.mycreation.MyCreationActivity: MyCreationActivity()
neo.photogridart.canvastext.CanvasTextView: void setMatrix(neo.photogridart.canvastext.MyMatrix)
neo.photogridart.common_lib.MyAsyncTask$Status: neo.photogridart.common_lib.MyAsyncTask$Status[] values()
neo.photogridart.stickers.StickerView: void setStickerNo(int)
neo.photogridart.common_lib.MyAsyncTask$Status: neo.photogridart.common_lib.MyAsyncTask$Status valueOf(java.lang.String)
neo.photogridart.common_lib.SeekBarHint: android.graphics.drawable.Drawable getSeekBarThumb()
neo.photogridart.canvastext.CanvasTextView: float getScale()
neo.photogridart.AppOpenManager_LifecycleAdapter: AppOpenManager_LifecycleAdapter(neo.photogridart.AppOpenManager)
neo.photogridart.activities.SaveImageActivity: SaveImageActivity()
neo.photogridart.activities.MirrorNewActivity: void myClickHandler(android.view.View)
neo.photogridart.mycreation.ImageDisplayActivity: void Facebook(android.view.View)
neo.photogridart.mycreation.ImageDisplayActivity: ImageDisplayActivity()
...
com.wang.avi.AVLoadingIndicatorView: com.wang.avi.Indicator getIndicator()
androidx.appcompat.widget.ActionBarContainer: android.view.View getTabContainer()
com.google.android.material.textfield.TextInputLayout: TextInputLayout(android.content.Context,android.util.AttributeSet)
androidx.appcompat.widget.AppCompatTextView: void setSupportCompoundDrawablesTintList(android.content.res.ColorStateList)
com.google.android.gms.ads.BaseAdView: com.google.android.gms.ads.AdListener getAdListener()
com.google.android.material.floatingactionbutton.FloatingActionButton: android.content.res.ColorStateList getBackgroundTintList()
com.bumptech.glide.request.transition.DrawableCrossFadeFactory$Builder: DrawableCrossFadeFactory$Builder()
com.bumptech.glide.load.resource.bitmap.Downsampler$1: Downsampler$1()
androidx.constraintlayout.widget.ConstraintLayout: void setOnConstraintsChanged(androidx.constraintlayout.widget.ConstraintsChangedListener)
androidx.constraintlayout.core.widgets.ConstraintWidget$DimensionBehaviour: androidx.constraintlayout.core.widgets.ConstraintWidget$DimensionBehaviour valueOf(java.lang.String)
androidx.work.BackoffPolicy: androidx.work.BackoffPolicy valueOf(java.lang.String)
androidx.appcompat.widget.Toolbar: void setContentInsetEndWithActions(int)
com.google.android.material.textfield.TextInputLayout: void setSuffixTextColor(android.content.res.ColorStateList)
androidx.appcompat.widget.AppCompatSpinner: void setPopupBackgroundDrawable(android.graphics.drawable.Drawable)
com.google.android.material.card.MaterialCardView: void setCheckedIconSize(int)
androidx.lifecycle.EmptyActivityLifecycleCallbacks: void onActivityCreated(android.app.Activity,android.os.Bundle)
androidx.core.view.WindowInsetsCompat$Impl29: androidx.core.graphics.Insets getMandatorySystemGestureInsets()
com.google.android.material.bottomappbar.BottomAppBar: androidx.coordinatorlayout.widget.CoordinatorLayout$Behavior getBehavior()
com.wang.avi.indicators.BallGridPulseIndicator: BallGridPulseIndicator()
androidx.viewpager.widget.ViewPager: void setPageMarginDrawable(android.graphics.drawable.Drawable)
com.wang.avi.indicators.BallZigZagDeflectIndicator$2: BallZigZagDeflectIndicator$2(com.wang.avi.indicators.BallZigZagDeflectIndicator,int)
com.google.android.material.textfield.TextInputLayout: void setBoxStrokeColorStateList(android.content.res.ColorStateList)
com.wang.avi.indicators.BallZigZagIndicator: BallZigZagIndicator()
androidx.constraintlayout.widget.Barrier: Barrier(android.content.Context,android.util.AttributeSet)
com.bumptech.glide.load.engine.ActiveResources$1: ActiveResources$1()
com.google.android.gms.ads.mediation.MediationInterstitialAdapter: void requestInterstitialAd(android.content.Context,com.google.android.gms.ads.mediation.MediationInterstitialListener,android.os.Bundle,com.google.android.gms.ads.mediation.MediationAdRequest,android.os.Bundle)
androidx.constraintlayout.widget.ConstraintLayout: void setId(int)
androidx.recyclerview.widget.RecyclerView: RecyclerView(android.content.Context,android.util.AttributeSet)
com.google.android.material.button.MaterialButton: android.content.res.ColorStateList getBackgroundTintList()
com.google.android.gms.ads.nativead.NativeAdView: void setClickConfirmingView(android.view.View)
com.google.android.material.chip.ChipGroup: int getChipSpacingHorizontal()
com.google.android.material.appbar.MaterialToolbar: void setNavigationIcon(android.graphics.drawable.Drawable)
androidx.appcompat.widget.AppCompatImageButton: void setBackgroundDrawable(android.graphics.drawable.Drawable)
com.google.android.material.button.MaterialButton: int getIconPadding()
com.google.android.material.chip.ChipGroup: void setSingleLine(boolean)
androidx.constraintlayout.widget.Constraints: androidx.constraintlayout.widget.ConstraintSet getConstraintSet()
com.google.android.material.appbar.AppBarLayout: void setLiftOnScrollTargetViewId(int)
com.google.android.material.bottomappbar.BottomAppBar: float getCradleVerticalOffset()