app/build/outputs/mapping/debug/mapping.txt
# compiler: R8
# compiler_version: 3.1.66
# min_api: 24
# pg_map_id: e6583b7
# common_typos_disable
# {"id":"com.android.tools.r8.mapping","version":"1.0"}
neo.photogridart.AppCheck -> neo.photogridart.AppCheck:
    13:13:void <clinit>() -> <clinit>
    10:10:void <init>() -> <init>
    28:30:void attachBaseContext(android.content.Context) -> attachBaseContext
    23:23:void lambda$onCreate$0(com.google.android.gms.ads.initialization.InitializationStatus) -> lambda$onCreate$0
    17:25:void onCreate() -> onCreate
neo.photogridart.AppCheck$$ExternalSyntheticLambda0 -> neo.photogridart.AppCheck$$ExternalSyntheticLambda0:
# {"id":"sourceFile","fileName":"R8$$SyntheticClass"}
# {"id":"com.android.tools.r8.synthesized"}
    neo.photogridart.AppCheck$$InternalSyntheticLambda$0$5c287fbfae2aa2e56c2a5eb796b14e960897644cdd92dbf966191c92aba3ef89$0 neo.photogridart.AppCheck$$InternalSyntheticLambda$0$5c287fbfae2aa2e56c2a5eb796b14e960897644cdd92dbf966191c92aba3ef89$0.INSTANCE -> INSTANCE
    void neo.photogridart.AppCheck$$InternalSyntheticLambda$0$5c287fbfae2aa2e56c2a5eb796b14e960897644cdd92dbf966191c92aba3ef89$0.<clinit>() -> <clinit>
      # {"id":"com.android.tools.r8.synthesized"}
    void neo.photogridart.AppCheck$$InternalSyntheticLambda$0$5c287fbfae2aa2e56c2a5eb796b14e960897644cdd92dbf966191c92aba3ef89$0.<init>() -> <init>
      # {"id":"com.android.tools.r8.synthesized"}
    void neo.photogridart.AppCheck$$InternalSyntheticLambda$0$5c287fbfae2aa2e56c2a5eb796b14e960897644cdd92dbf966191c92aba3ef89$0.onInitializationComplete(com.google.android.gms.ads.initialization.InitializationStatus) -> onInitializationComplete
      # {"id":"com.android.tools.r8.synthesized"}
neo.photogridart.AppOpenManager -> neo.photogridart.AppOpenManager:
    37:37:void <clinit>() -> <clinit>
    33:134:void <init>(neo.photogridart.AppCheck) -> <init>
    31:31:neo.photogridart.AppCheck access$000(neo.photogridart.AppOpenManager) -> access$000
    31:31:com.google.android.gms.ads.appopen.AppOpenAd access$102(neo.photogridart.AppOpenManager,com.google.android.gms.ads.appopen.AppOpenAd) -> access$102
    31:31:boolean access$202(boolean) -> access$202
    137:158:void fetchAd() -> fetchAd
    161:161:com.google.android.gms.ads.AdRequest getAdRequest() -> getAdRequest
    165:165:boolean isAdAvailable() -> isAdAvailable
    170:170:void onActivityCreated(android.app.Activity,android.os.Bundle) -> onActivityCreated
    196:197:void onActivityDestroyed(android.app.Activity) -> onActivityDestroyed
    188:188:void onActivityPaused(android.app.Activity) -> onActivityPaused
    179:180:void onActivityResumed(android.app.Activity) -> onActivityResumed
    192:192:void onActivitySaveInstanceState(android.app.Activity,android.os.Bundle) -> onActivitySaveInstanceState
    174:175:void onActivityStarted(android.app.Activity) -> onActivityStarted
    184:184:void onActivityStopped(android.app.Activity) -> onActivityStopped
    201:204:void onStart() -> onStart
    103:128:void showAdIfAvailable() -> showAdIfAvailable
neo.photogridart.AppOpenManager$1 -> neo.photogridart.AppOpenManager$1:
    105:105:void <init>(neo.photogridart.AppOpenManager) -> <init>
    109:111:void onAdDismissedFullScreenContent() -> onAdDismissedFullScreenContent
    115:115:void onAdFailedToShowFullScreenContent(com.google.android.gms.ads.AdError) -> onAdFailedToShowFullScreenContent
    119:120:void onAdShowedFullScreenContent() -> onAdShowedFullScreenContent
neo.photogridart.AppOpenManager$2 -> neo.photogridart.AppOpenManager$2:
    141:141:void <init>(neo.photogridart.AppOpenManager) -> <init>
    150:150:void onAdFailedToLoad(com.google.android.gms.ads.LoadAdError) -> onAdFailedToLoad
    141:141:void onAdLoaded(java.lang.Object) -> onAdLoaded
    144:146:void onAdLoaded(com.google.android.gms.ads.appopen.AppOpenAd) -> onAdLoaded
...
com.google.android.gms.internal.ads.zzcbo -> com.google.android.gms.internal.ads.zzcbo:
# {"id":"sourceFile","fileName":"com.google.android.gms:play-services-ads-lite@@20.6.0"}
    1:4:void <clinit>() -> <clinit>
    1:1:void <init>(java.lang.String,int,java.lang.String) -> <init>
    1:1:com.google.android.gms.internal.ads.zzcbo[] values() -> values
com.google.android.gms.internal.ads.zzcbp -> com.google.android.gms.internal.ads.zzcbp:
# {"id":"sourceFile","fileName":"com.google.android.gms:play-services-ads-lite@@20.6.0"}
    1:1:void <init>() -> <init>
    1:3:java.lang.Object getRemoteCreator(android.os.IBinder) -> getRemoteCreator
    1:7:com.google.android.gms.internal.ads.zzcbs zza(android.app.Activity) -> zza
com.google.android.gms.internal.ads.zzcbq -> com.google.android.gms.internal.ads.zzcbq:
# {"id":"sourceFile","fileName":"com.google.android.gms:play-services-ads-lite@@20.6.0"}
    1:1:void <init>(android.os.IBinder) -> <init>
    1:4:boolean zzE() -> zzE
    1:5:void zzg(int,int,android.content.Intent) -> zzg
    1:2:void zzh() -> zzh
    1:3:void zzj(com.google.android.gms.dynamic.IObjectWrapper) -> zzj
    1:3:void zzk(android.os.Bundle) -> zzk
    1:2:void zzl() -> zzl
    1:2:void zzn() -> zzn
    1:2:void zzo() -> zzo
    1:2:void zzp() -> zzp
    1:6:void zzq(android.os.Bundle) -> zzq
    1:2:void zzr() -> zzr
    1:2:void zzs() -> zzs
    1:2:void zzt() -> zzt
    1:2:void zzv() -> zzv
com.google.android.gms.internal.ads.zzcbr -> com.google.android.gms.internal.ads.zzcbr:
# {"id":"sourceFile","fileName":"com.google.android.gms:play-services-ads-lite@@20.6.0"}
    1:1:void <init>() -> <init>
    1:3:com.google.android.gms.internal.ads.zzcbs zzF(android.os.IBinder) -> zzF
    1:34:boolean zzbQ(int,android.os.Parcel,android.os.Parcel,int) -> zzbQ
com.google.android.gms.internal.ads.zzcbs -> com.google.android.gms.internal.ads.zzcbs:
# {"id":"sourceFile","fileName":"com.google.android.gms:play-services-ads-lite@@20.6.0"}
com.google.android.gms.internal.ads.zzcbt -> com.google.android.gms.internal.ads.zzcbt:
# {"id":"sourceFile","fileName":"com.google.android.gms:play-services-ads-lite@@20.6.0"}
    1:1:void <init>(android.os.IBinder) -> <init>
    1:5:android.os.IBinder zze(com.google.android.gms.dynamic.IObjectWrapper) -> zze
com.google.android.gms.internal.ads.zzcbu -> com.google.android.gms.internal.ads.zzcbu:
# {"id":"sourceFile","fileName":"com.google.android.gms:play-services-ads-lite@@20.6.0"}
    1:3:com.google.android.gms.internal.ads.zzcbv zzb(android.os.IBinder) -> zzb
com.google.android.gms.internal.ads.zzcbv -> com.google.android.gms.internal.ads.zzcbv:
# {"id":"sourceFile","fileName":"com.google.android.gms:play-services-ads-lite@@20.6.0"}
com.google.android.gms.internal.ads.zzcbw -> com.google.android.gms.internal.ads.zzcbw:
# {"id":"sourceFile","fileName":"com.google.android.gms:play-services-ads@@20.6.0"}
com.google.android.gms.internal.ads.zzcbx -> com.google.android.gms.internal.ads.zzcbx:
# {"id":"sourceFile","fileName":"com.google.android.gms:play-services-ads@@20.6.0"}
com.google.android.gms.internal.ads.zzcby -> com.google.android.gms.internal.ads.zzcby:
# {"id":"sourceFile","fileName":"com.google.android.gms:play-services-ads@@20.6.0"}
    1:2:com.google.android.gms.internal.ads.zzcby zza(org.json.JSONObject) -> zza
com.google.android.gms.internal.ads.zzcbz -> com.google.android.gms.internal.ads.zzcbz:
# {"id":"sourceFile","fileName":"com.google.android.gms:play-services-ads-lite@@20.6.0"}
    1:1:void <init>(android.os.IBinder) -> <init>
com.google.android.gms.internal.ads.zzcc -> com.google.android.gms.internal.ads.zzcc:
# {"id":"sourceFile","fileName":"com.google.android.gms:play-services-ads@@20.6.0"}
    1:4:void <clinit>() -> <clinit>
    1:6:boolean equals(java.lang.Object) -> equals
    1:3:int hashCode() -> hashCode
    1:1:boolean zzb() -> zzb