app/build/outputs/mapping/debug/usage.txt
neo.photogridart.AppOpenManager:
    private static final java.lang.String LOG_TAG
neo.photogridart.BuildConfig
neo.photogridart.R$anim
neo.photogridart.R$attr
neo.photogridart.R$color
neo.photogridart.R$dimen
neo.photogridart.R$drawable
neo.photogridart.R$font
neo.photogridart.R$id
neo.photogridart.R$integer
neo.photogridart.R$layout
neo.photogridart.R$mipmap
neo.photogridart.R$string
neo.photogridart.R$style
neo.photogridart.R$styleable
neo.photogridart.R$xml
neo.photogridart.R
neo.photogridart.activities.CoustomTextView
neo.photogridart.activities.MainActivity:
    java.util.List productList
neo.photogridart.activities.MirrorNewActivity$MirrorView:
    public android.graphics.Bitmap getBitmap()
neo.photogridart.activities.MirrorNewActivity:
    private static final java.lang.String TAG
    androidx.appcompat.app.AlertDialog saveImageAlert
neo.photogridart.activities.SaveImageActivity:
    private void initShareIntent(java.lang.String)
neo.photogridart.adapters.MyRecyclerViewAdapter:
    public void setData(int[])
neo.photogridart.bitmap.BitmapProcessing:
    public void <init>()
    public static android.graphics.Bitmap boost(android.graphics.Bitmap,int,float)
    public static android.graphics.Bitmap brightness(android.graphics.Bitmap,int)
    public static android.graphics.Bitmap cdepth(android.graphics.Bitmap,int)
    public static android.graphics.Bitmap cfilter(android.graphics.Bitmap,double,double,double)
    public static android.graphics.Bitmap contrast(android.graphics.Bitmap,double)
    public static android.graphics.Bitmap doGreyscale(android.graphics.Bitmap)
    public static android.graphics.Bitmap doInvert(android.graphics.Bitmap)
    public static android.graphics.Bitmap emboss(android.graphics.Bitmap)
    public static android.graphics.Bitmap gamma(android.graphics.Bitmap,double,double,double)
    public static android.graphics.Bitmap gaussian(android.graphics.Bitmap)
    public static android.graphics.Bitmap grayscale(android.graphics.Bitmap)
    public static android.graphics.Bitmap hue(android.graphics.Bitmap,float)
    public static android.graphics.Bitmap invert(android.graphics.Bitmap)
    public static android.graphics.Bitmap noise(android.graphics.Bitmap)
    public static android.graphics.Bitmap saturation(android.graphics.Bitmap,int)
    public static android.graphics.Bitmap sepia(android.graphics.Bitmap)
    public static android.graphics.Bitmap sharpen(android.graphics.Bitmap)
    public static final android.graphics.Bitmap sketch(android.graphics.Bitmap)
neo.photogridart.bitmap.BitmapResizer:
    public void <init>()
    public static android.graphics.Bitmap decodeFile(java.io.File,int)
    public static android.graphics.Bitmap decodeFile(java.io.File,int,int[])
    public static android.graphics.Bitmap decodeX(java.lang.String,int,int[],int[])
    public static android.graphics.Point getFileSize(java.io.File,int)
    public static long getFreeMemory(android.content.Context)
    public static int maxSizeForDimension(android.content.Context)
    public static android.graphics.Bitmap rotateBitmap(android.graphics.Bitmap,int)
neo.photogridart.bitmap.ConvolutionMatrix
neo.photogridart.canvastext.CanvasTextView:
    static final float MIN_ZOOM
    private static final java.lang.String TAG
    public void checkMatrix()
neo.photogridart.canvastext.CustomRelativeLayout:
    private static final java.lang.String TAG
    public android.view.View$OnClickListener onClickListener
    public void addTextDataEx(neo.photogridart.canvastext.TextData)
    public void itemSelected(int)
neo.photogridart.canvastext.FontCache:
    public void <init>()
neo.photogridart.canvastext.MyMatrix:
    private static final long serialVersionUID
    private void readObject(java.io.ObjectInputStream)
    private void writeObject(java.io.ObjectOutputStream)
...
com.google.android.gms.internal.common.zzj
com.google.android.gms.internal.common.zzk
com.google.android.gms.internal.common.zzl
com.google.android.gms.internal.common.zzm
com.google.android.gms.internal.common.zzn
com.google.android.gms.internal.common.zzo
com.google.android.gms.internal.common.zzp
com.google.android.gms.internal.common.zzq
com.google.android.gms.internal.common.zzr
com.google.android.gms.internal.common.zzs
com.google.android.gms.internal.common.zzt
com.google.android.gms.internal.common.zzu
com.google.android.gms.internal.common.zzv
com.google.android.gms.internal.common.zzw
com.google.android.gms.internal.common.zzx
com.google.android.gms.internal.common.zzy
com.google.android.gms.internal.consent_sdk.zza
com.google.android.gms.internal.consent_sdk.zzaa
com.google.android.gms.internal.consent_sdk.zzab
com.google.android.gms.internal.consent_sdk.zzac
com.google.android.gms.internal.consent_sdk.zzad
com.google.android.gms.internal.consent_sdk.zzae
com.google.android.gms.internal.consent_sdk.zzaf
com.google.android.gms.internal.consent_sdk.zzag
com.google.android.gms.internal.consent_sdk.zzah
com.google.android.gms.internal.consent_sdk.zzai
com.google.android.gms.internal.consent_sdk.zzaj
com.google.android.gms.internal.consent_sdk.zzak
com.google.android.gms.internal.consent_sdk.zzal
com.google.android.gms.internal.consent_sdk.zzam
com.google.android.gms.internal.consent_sdk.zzan
com.google.android.gms.internal.consent_sdk.zzao
com.google.android.gms.internal.consent_sdk.zzap
com.google.android.gms.internal.consent_sdk.zzaq
com.google.android.gms.internal.consent_sdk.zzar
com.google.android.gms.internal.consent_sdk.zzas
com.google.android.gms.internal.consent_sdk.zzat
com.google.android.gms.internal.consent_sdk.zzau
com.google.android.gms.internal.consent_sdk.zzav
com.google.android.gms.internal.consent_sdk.zzaw
com.google.android.gms.internal.consent_sdk.zzax
com.google.android.gms.internal.consent_sdk.zzay
com.google.android.gms.internal.consent_sdk.zzaz
com.google.android.gms.internal.consent_sdk.zzb
com.google.android.gms.internal.consent_sdk.zzba
com.google.android.gms.internal.consent_sdk.zzbb
com.google.android.gms.internal.consent_sdk.zzbc
com.google.android.gms.internal.consent_sdk.zzbd
com.google.android.gms.internal.consent_sdk.zzbe
com.google.android.gms.internal.consent_sdk.zzbf
com.google.android.gms.internal.consent_sdk.zzbg
com.google.android.gms.internal.consent_sdk.zzbh
com.google.android.gms.internal.consent_sdk.zzbi
com.google.android.gms.internal.consent_sdk.zzbj
com.google.android.gms.internal.consent_sdk.zzbk
com.google.android.gms.internal.consent_sdk.zzbl
com.google.android.gms.internal.consent_sdk.zzbm
com.google.android.gms.internal.consent_sdk.zzbn
com.google.android.gms.internal.consent_sdk.zzbo
com.google.android.gms.internal.consent_sdk.zzbp
com.google.android.gms.internal.consent_sdk.zzbq
com.google.android.gms.internal.consent_sdk.zzbr
com.google.android.gms.internal.consent_sdk.zzbs
com.google.android.gms.internal.consent_sdk.zzbt
com.google.android.gms.internal.consent_sdk.zzbu
com.google.android.gms.internal.consent_sdk.zzbv
com.google.android.gms.internal.consent_sdk.zzbw
com.google.android.gms.internal.consent_sdk.zzbx
com.google.android.gms.internal.consent_sdk.zzby
com.google.android.gms.internal.consent_sdk.zzbz
com.google.android.gms.internal.consent_sdk.zzc$zza
com.google.android.gms.internal.consent_sdk.zzc
com.google.android.gms.internal.consent_sdk.zzca
com.google.android.gms.internal.consent_sdk.zzcb
com.google.android.gms.internal.consent_sdk.zzcc
com.google.android.gms.internal.consent_sdk.zzcd
com.google.android.gms.internal.consent_sdk.zzce
com.google.android.gms.internal.consent_sdk.zzcf
com.google.android.gms.internal.consent_sdk.zzcg
com.google.android.gms.internal.consent_sdk.zzch
com.google.android.gms.internal.consent_sdk.zzci
com.google.android.gms.internal.consent_sdk.zzcj$zza
com.google.android.gms.internal.consent_sdk.zzcj